Determining if the pthread_create exist failed with the following output:
Change Dir: /home/lidarwb/Downloads/VelodyneCapture-master/sample/simple/CMakeFiles/CMakeTmp

Run Build Command:"/usr/bin/make" "cmTC_0a2f5/fast"
/usr/bin/make -f CMakeFiles/cmTC_0a2f5.dir/build.make CMakeFiles/cmTC_0a2f5.dir/build
make[1]: Entering directory '/home/lidarwb/Downloads/VelodyneCapture-master/sample/simple/CMakeFiles/CMakeTmp'
Building C object CMakeFiles/cmTC_0a2f5.dir/CheckSymbolExists.c.o
/usr/bin/cc    -o CMakeFiles/cmTC_0a2f5.dir/CheckSymbolExists.c.o   -c /home/lidarwb/Downloads/VelodyneCapture-master/sample/simple/CMakeFiles/CMakeTmp/CheckSymbolExists.c
Linking C executable cmTC_0a2f5
/usr/bin/cmake -E cmake_link_script CMakeFiles/cmTC_0a2f5.dir/link.txt --verbose=1
/usr/bin/cc      CMakeFiles/cmTC_0a2f5.dir/CheckSymbolExists.c.o  -o cmTC_0a2f5 
CMakeFiles/cmTC_0a2f5.dir/CheckSymbolExists.c.o: In function `main':
CheckSymbolExists.c:(.text+0x1b): undefined reference to `pthread_create'
collect2: error: ld returned 1 exit status
CMakeFiles/cmTC_0a2f5.dir/build.make:97: recipe for target 'cmTC_0a2f5' failed
make[1]: *** [cmTC_0a2f5] Error 1
make[1]: Leaving directory '/home/lidarwb/Downloads/VelodyneCapture-master/sample/simple/CMakeFiles/CMakeTmp'
Makefile:126: recipe for target 'cmTC_0a2f5/fast' failed
make: *** [cmTC_0a2f5/fast] Error 2

File /home/lidarwb/Downloads/VelodyneCapture-master/sample/simple/CMakeFiles/CMakeTmp/CheckSymbolExists.c:
/* */
#include <pthread.h>

int main(int argc, char** argv)
{
  (void)argv;
#ifndef pthread_create
  return ((int*)(&pthread_create))[argc];
#else
  (void)argc;
  return 0;
#endif
}

Determining if the function pthread_create exists in the pthreads failed with the following output:
Change Dir: /home/lidarwb/Downloads/VelodyneCapture-master/sample/simple/CMakeFiles/CMakeTmp

Run Build Command:"/usr/bin/make" "cmTC_40676/fast"
/usr/bin/make -f CMakeFiles/cmTC_40676.dir/build.make CMakeFiles/cmTC_40676.dir/build
make[1]: Entering directory '/home/lidarwb/Downloads/VelodyneCapture-master/sample/simple/CMakeFiles/CMakeTmp'
Building C object CMakeFiles/cmTC_40676.dir/CheckFunctionExists.c.o
/usr/bin/cc   -DCHECK_FUNCTION_EXISTS=pthread_create   -o CMakeFiles/cmTC_40676.dir/CheckFunctionExists.c.o   -c /usr/share/cmake-3.10/Modules/CheckFunctionExists.c
Linking C executable cmTC_40676
/usr/bin/cmake -E cmake_link_script CMakeFiles/cmTC_40676.dir/link.txt --verbose=1
/usr/bin/cc  -DCHECK_FUNCTION_EXISTS=pthread_create    CMakeFiles/cmTC_40676.dir/CheckFunctionExists.c.o  -o cmTC_40676 -lpthreads 
/usr/bin/ld: cannot find -lpthreads
collect2: error: ld returned 1 exit status
CMakeFiles/cmTC_40676.dir/build.make:97: recipe for target 'cmTC_40676' failed
make[1]: *** [cmTC_40676] Error 1
make[1]: Leaving directory '/home/lidarwb/Downloads/VelodyneCapture-master/sample/simple/CMakeFiles/CMakeTmp'
Makefile:126: recipe for target 'cmTC_40676/fast' failed
make: *** [cmTC_40676/fast] Error 2


